============================= test session starts =============================
platform win32 -- Python 3.14.7, pytest-9.1.1, pluggy-1.6.0 -- C:\Users\acer\Documents\GitHub\role-based-access-control\.venv\Scripts\python.exe
rootdir: C:\Users\acer\Documents\GitHub\role-based-access-control
configfile: pytest.ini
testpaths: tests
plugins: anyio-4.15.1
collecting ... collected 150 items

tests/test_access_matrix.py::test_access_matrix[student.alice: read own grades] PASSED [  0%]
tests/test_access_matrix.py::test_access_matrix[faculty.brown: read own grades] PASSED [  1%]
tests/test_access_matrix.py::test_access_matrix[admin.root: read own grades] PASSED [  2%]
tests/test_access_matrix.py::test_access_matrix[anonymous: read own grades] PASSED [  2%]
tests/test_access_matrix.py::test_access_matrix[student.alice: read another student's grades] PASSED [  3%]
tests/test_access_matrix.py::test_access_matrix[faculty.brown: read another student's grades] PASSED [  4%]
tests/test_access_matrix.py::test_access_matrix[admin.root: read another student's grades] PASSED [  4%]
tests/test_access_matrix.py::test_access_matrix[anonymous: read another student's grades] PASSED [  5%]
tests/test_access_matrix.py::test_access_matrix[student.alice: read own enrolled courses] PASSED [  6%]
tests/test_access_matrix.py::test_access_matrix[faculty.brown: read own enrolled courses] PASSED [  6%]
tests/test_access_matrix.py::test_access_matrix[admin.root: read own enrolled courses] PASSED [  7%]
tests/test_access_matrix.py::test_access_matrix[anonymous: read own enrolled courses] PASSED [  8%]
tests/test_access_matrix.py::test_access_matrix[student.alice: read roster of an assigned course] PASSED [  8%]
tests/test_access_matrix.py::test_access_matrix[faculty.brown: read roster of an assigned course] PASSED [  9%]
tests/test_access_matrix.py::test_access_matrix[admin.root: read roster of an assigned course] PASSED [ 10%]
tests/test_access_matrix.py::test_access_matrix[anonymous: read roster of an assigned course] PASSED [ 10%]
tests/test_access_matrix.py::test_access_matrix[student.alice: read roster of another instructor's course] PASSED [ 11%]
tests/test_access_matrix.py::test_access_matrix[faculty.brown: read roster of another instructor's course] PASSED [ 12%]
tests/test_access_matrix.py::test_access_matrix[admin.root: read roster of another instructor's course] PASSED [ 12%]
tests/test_access_matrix.py::test_access_matrix[anonymous: read roster of another instructor's course] PASSED [ 13%]
tests/test_access_matrix.py::test_access_matrix[student.alice: write a grade on an assigned course] PASSED [ 14%]
tests/test_access_matrix.py::test_access_matrix[faculty.brown: write a grade on an assigned course] PASSED [ 14%]
tests/test_access_matrix.py::test_access_matrix[admin.root: write a grade on an assigned course] PASSED [ 15%]
tests/test_access_matrix.py::test_access_matrix[anonymous: write a grade on an assigned course] PASSED [ 16%]
tests/test_access_matrix.py::test_access_matrix[student.alice: write a grade on another instructor's course] PASSED [ 16%]
tests/test_access_matrix.py::test_access_matrix[faculty.brown: write a grade on another instructor's course] PASSED [ 17%]
tests/test_access_matrix.py::test_access_matrix[admin.root: write a grade on another instructor's course] PASSED [ 18%]
tests/test_access_matrix.py::test_access_matrix[anonymous: write a grade on another instructor's course] PASSED [ 18%]
tests/test_access_matrix.py::test_access_matrix[student.alice: list all accounts] PASSED [ 19%]
tests/test_access_matrix.py::test_access_matrix[faculty.brown: list all accounts] PASSED [ 20%]
tests/test_access_matrix.py::test_access_matrix[admin.root: list all accounts] PASSED [ 20%]
tests/test_access_matrix.py::test_access_matrix[anonymous: list all accounts] PASSED [ 21%]
tests/test_access_matrix.py::test_access_matrix[student.alice: change a user's role] PASSED [ 22%]
tests/test_access_matrix.py::test_access_matrix[faculty.brown: change a user's role] PASSED [ 22%]
tests/test_access_matrix.py::test_access_matrix[admin.root: change a user's role] PASSED [ 23%]
tests/test_access_matrix.py::test_access_matrix[anonymous: change a user's role] PASSED [ 24%]
tests/test_access_matrix.py::test_access_matrix[student.alice: read the audit log] PASSED [ 24%]
tests/test_access_matrix.py::test_access_matrix[faculty.brown: read the audit log] PASSED [ 25%]
tests/test_access_matrix.py::test_access_matrix[admin.root: read the audit log] PASSED [ 26%]
tests/test_access_matrix.py::test_access_matrix[anonymous: read the audit log] PASSED [ 26%]
tests/test_access_matrix.py::test_access_matrix[student.alice: read the permission matrix] PASSED [ 27%]
tests/test_access_matrix.py::test_access_matrix[faculty.brown: read the permission matrix] PASSED [ 28%]
tests/test_access_matrix.py::test_access_matrix[admin.root: read the permission matrix] PASSED [ 28%]
tests/test_access_matrix.py::test_access_matrix[anonymous: read the permission matrix] PASSED [ 29%]
tests/test_access_matrix.py::test_no_endpoint_returns_data_to_an_anonymous_caller PASSED [ 30%]
tests/test_admin_access.py::test_admin_lists_users PASSED                [ 30%]
tests/test_admin_access.py::test_admin_filters_users_by_role PASSED      [ 31%]
tests/test_admin_access.py::test_admin_creates_a_user_who_can_then_log_in PASSED [ 32%]
tests/test_admin_access.py::test_admin_assigns_a_role_and_the_change_takes_effect_immediately PASSED [ 32%]
tests/test_admin_access.py::test_admin_cannot_change_their_own_role PASSED [ 33%]
tests/test_admin_access.py::test_deactivated_user_loses_access_immediately PASSED [ 34%]
tests/test_admin_access.py::test_admin_creates_and_assigns_a_course PASSED [ 34%]
tests/test_admin_access.py::test_admin_cannot_assign_a_course_to_a_student PASSED [ 35%]
tests/test_admin_access.py::test_admin_enrolls_a_student_and_only_students PASSED [ 36%]
tests/test_admin_access.py::test_student_cannot_reach_admin_routes[GET-/api/admin/users-None] PASSED [ 36%]
tests/test_admin_access.py::test_student_cannot_reach_admin_routes[GET-/api/admin/courses-None] PASSED [ 37%]
tests/test_admin_access.py::test_student_cannot_reach_admin_routes[POST-/api/admin/users-body2] PASSED [ 38%]
tests/test_admin_access.py::test_student_cannot_reach_admin_routes[POST-/api/admin/enrollments-body3] PASSED [ 38%]
tests/test_admin_access.py::test_student_cannot_reach_admin_routes[POST-/api/admin/announcements-body4] PASSED [ 39%]
tests/test_admin_access.py::test_faculty_cannot_reach_admin_routes[GET-/api/admin/users-None] PASSED [ 40%]
tests/test_admin_access.py::test_faculty_cannot_reach_admin_routes[GET-/api/admin/courses-None] PASSED [ 40%]
tests/test_admin_access.py::test_faculty_cannot_reach_admin_routes[POST-/api/admin/users-body2] PASSED [ 41%]
tests/test_admin_access.py::test_faculty_cannot_reach_admin_routes[POST-/api/admin/enrollments-body3] PASSED [ 42%]
tests/test_admin_access.py::test_faculty_cannot_reach_admin_routes[POST-/api/admin/announcements-body4] PASSED [ 42%]
tests/test_admin_access.py::test_anonymous_cannot_reach_admin_routes[GET-/api/admin/users-None] PASSED [ 43%]
tests/test_admin_access.py::test_anonymous_cannot_reach_admin_routes[GET-/api/admin/courses-None] PASSED [ 44%]
tests/test_admin_access.py::test_anonymous_cannot_reach_admin_routes[POST-/api/admin/users-body2] PASSED [ 44%]
tests/test_admin_access.py::test_anonymous_cannot_reach_admin_routes[POST-/api/admin/enrollments-body3] PASSED [ 45%]
tests/test_admin_access.py::test_anonymous_cannot_reach_admin_routes[POST-/api/admin/announcements-body4] PASSED [ 46%]
tests/test_admin_access.py::test_student_cannot_promote_themselves PASSED [ 46%]
tests/test_audit.py::test_successful_login_is_recorded PASSED            [ 47%]
tests/test_audit.py::test_failed_login_is_recorded_without_the_password PASSED [ 48%]
tests/test_audit.py::test_login_attempt_on_unknown_account_is_recorded PASSED [ 48%]
tests/test_audit.py::test_logout_is_recorded PASSED                      [ 49%]
tests/test_audit.py::test_grade_change_is_recorded_with_before_and_after PASSED [ 50%]
tests/test_audit.py::test_role_assignment_is_recorded PASSED             [ 50%]
tests/test_audit.py::test_horizontal_escalation_attempt_is_recorded PASSED [ 51%]
tests/test_audit.py::test_vertical_escalation_attempt_is_recorded_with_the_missing_permission PASSED [ 52%]
tests/test_audit.py::test_unauthenticated_attempt_is_recorded PASSED     [ 52%]
tests/test_audit.py::test_audit_log_is_not_readable_by_students_or_faculty PASSED [ 53%]
tests/test_audit.py::test_audit_entries_can_be_filtered_by_outcome PASSED [ 54%]
tests/test_auth.py::test_login_succeeds_with_valid_credentials PASSED    [ 54%]
tests/test_auth.py::test_login_fails_with_wrong_password PASSED          [ 55%]
tests/test_auth.py::test_login_does_not_reveal_whether_the_account_exists PASSED [ 56%]
tests/test_auth.py::test_deactivated_account_cannot_log_in PASSED        [ 56%]
tests/test_auth.py::test_me_requires_a_token PASSED                      [ 57%]
tests/test_auth.py::test_me_returns_the_caller_and_never_the_password_hash PASSED [ 58%]
tests/test_auth.py::test_malformed_token_is_rejected PASSED              [ 58%]
tests/test_auth.py::test_token_signed_with_another_key_is_rejected PASSED [ 59%]
tests/test_auth.py::test_expired_token_is_rejected PASSED                [ 60%]
tests/test_auth.py::test_token_cannot_be_replayed_after_logout PASSED    [ 60%]
tests/test_deny_by_default.py::test_every_route_is_public_by_allowlist_or_permission_guarded PASSED [ 61%]
tests/test_deny_by_default.py::test_startup_rejects_a_route_without_a_permission PASSED [ 62%]
tests/test_deny_by_default.py::test_guarded_route_passes_the_startup_audit PASSED [ 62%]
tests/test_deny_by_default.py::test_public_allowlist_is_small_and_explicit PASSED [ 63%]
tests/test_deny_by_default.py::test_roles_hold_disjoint_privileged_permissions PASSED [ 64%]
tests/test_deny_by_default.py::test_unknown_role_holds_no_permissions PASSED [ 64%]
tests/test_deny_by_default.py::test_permission_matrix_endpoint_requires_authentication PASSED [ 65%]
tests/test_deny_by_default.py::test_permission_matrix_endpoint_reports_the_callers_permissions PASSED [ 66%]
tests/test_error_safety.py::test_denials_are_identical_across_causes PASSED [ 66%]
tests/test_error_safety.py::test_unauthenticated_response_is_generic PASSED [ 67%]
tests/test_error_safety.py::test_validation_errors_do_not_echo_the_submitted_values PASSED [ 68%]
tests/test_error_safety.py::test_unhandled_exceptions_return_a_generic_500_without_a_traceback PASSED [ 68%]
tests/test_error_safety.py::test_http_exception_details_are_sanitised PASSED [ 69%]
tests/test_error_safety.py::test_repeated_failures_lock_the_account_without_saying_so PASSED [ 70%]
tests/test_error_safety.py::test_successful_login_clears_the_failure_counter PASSED [ 70%]
tests/test_faculty_access.py::test_faculty_lists_own_assigned_courses PASSED [ 71%]
tests/test_faculty_access.py::test_faculty_reads_roster_of_assigned_course PASSED [ 72%]
tests/test_faculty_access.py::test_faculty_updates_grade_on_assigned_course PASSED [ 72%]
tests/test_faculty_access.py::test_faculty_publishes_announcement_to_assigned_course PASSED [ 73%]
tests/test_faculty_access.py::test_faculty_cannot_read_another_instructors_roster PASSED [ 74%]
tests/test_faculty_access.py::test_faculty_cannot_grade_another_instructors_course PASSED [ 74%]
tests/test_faculty_access.py::test_faculty_cannot_grade_a_student_not_on_the_roster PASSED [ 75%]
tests/test_faculty_access.py::test_faculty_cannot_list_another_faculty_members_courses PASSED [ 76%]
tests/test_faculty_access.py::test_announcement_body_cannot_redirect_to_another_course PASSED [ 76%]
tests/test_faculty_access.py::test_student_cannot_write_grades PASSED    [ 77%]
tests/test_faculty_access.py::test_student_cannot_read_a_course_roster PASSED [ 78%]
tests/test_faculty_access.py::test_admin_cannot_write_grades PASSED      [ 78%]
tests/test_faculty_access.py::test_faculty_routes_reject_anonymous_callers PASSED [ 79%]
tests/test_portal_ui.py::test_login_page_is_public PASSED                [ 80%]
tests/test_portal_ui.py::test_login_sets_a_session_cookie_and_redirects PASSED [ 80%]
tests/test_portal_ui.py::test_failed_portal_login_shows_one_generic_message PASSED [ 81%]
tests/test_portal_ui.py::test_each_role_gets_its_own_dashboard PASSED    [ 82%]
tests/test_portal_ui.py::test_anonymous_visitor_is_redirected_to_the_login_page PASSED [ 82%]
tests/test_portal_ui.py::test_revoked_session_cannot_browse_the_portal PASSED [ 83%]
tests/test_portal_ui.py::test_pages_outside_a_role_render_the_access_denied_page[student.alice-/portal/admin/users] PASSED [ 84%]
tests/test_portal_ui.py::test_pages_outside_a_role_render_the_access_denied_page[student.alice-/portal/admin/audit] PASSED [ 84%]
tests/test_portal_ui.py::test_pages_outside_a_role_render_the_access_denied_page[faculty.brown-/portal/admin/users] PASSED [ 85%]
tests/test_portal_ui.py::test_pages_outside_a_role_render_the_access_denied_page[faculty.brown-/portal/grades] PASSED [ 86%]
tests/test_portal_ui.py::test_pages_outside_a_role_render_the_access_denied_page[admin.root-/portal/grades] PASSED [ 86%]
tests/test_portal_ui.py::test_faculty_cannot_open_another_instructors_roster PASSED [ 87%]
tests/test_portal_ui.py::test_faculty_saves_a_grade_from_the_roster_page PASSED [ 88%]
tests/test_portal_ui.py::test_grade_form_posted_by_the_wrong_instructor_is_refused PASSED [ 88%]
tests/test_portal_ui.py::test_student_cannot_post_the_grade_form_at_all PASSED [ 89%]
tests/test_portal_ui.py::test_admin_changes_a_role_from_the_portal PASSED [ 90%]
tests/test_portal_ui.py::test_denied_portal_attempt_appears_in_the_audit_page PASSED [ 90%]
tests/test_portal_ui.py::test_session_cookie_is_http_only PASSED         [ 91%]
tests/test_student_access.py::test_student_reads_own_profile PASSED      [ 92%]
tests/test_student_access.py::test_student_reads_own_grades PASSED       [ 92%]
tests/test_student_access.py::test_student_reads_own_enrolled_courses PASSED [ 93%]
tests/test_student_access.py::test_student_reads_grade_for_an_enrolled_course PASSED [ 94%]
tests/test_student_access.py::test_student_cannot_read_another_students_grades PASSED [ 94%]
tests/test_student_access.py::test_student_cannot_read_another_students_profile PASSED [ 95%]
tests/test_student_access.py::test_student_cannot_read_another_students_courses PASSED [ 96%]
tests/test_student_access.py::test_student_cannot_read_a_course_they_are_not_enrolled_in PASSED [ 96%]
tests/test_student_access.py::test_non_existent_course_is_indistinguishable_from_an_unenrolled_one PASSED [ 97%]
tests/test_student_access.py::test_announcements_are_limited_to_enrolled_courses PASSED [ 98%]
tests/test_student_access.py::test_faculty_cannot_use_student_grade_routes PASSED [ 98%]
tests/test_student_access.py::test_admin_cannot_read_a_students_grades_through_student_routes PASSED [ 99%]
tests/test_student_access.py::test_student_routes_reject_anonymous_callers PASSED [100%]

============================== warnings summary ===============================
.venv\Lib\site-packages\fastapi\testclient.py:1
  C:\Users\acer\Documents\GitHub\role-based-access-control\.venv\Lib\site-packages\fastapi\testclient.py:1: StarletteDeprecationWarning: Using `httpx` with `starlette.testclient` is deprecated; install `httpx2` instead.
    from starlette.testclient import TestClient as TestClient  # noqa

-- Docs: https://docs.pytest.org/en/stable/how-to/capture-warnings.html
================= 150 passed, 1 warning in 277.52s (0:04:37) ==================
